<?xml version="1.0" encoding="UTF-8"?>
<coverage generated="1666303602147" clover="3.2.0">
  <project timestamp="1666303602147" name="All files">
    <metrics statements="46" coveredstatements="42" conditionals="7" coveredconditionals="5" methods="15" coveredmethods="15" elements="68" coveredelements="62" complexity="0" loc="46" ncloc="46" packages="7" files="10" classes="10"/>
    <package name="src">
      <metrics statements="3" coveredstatements="3" conditionals="0" coveredconditionals="0" methods="1" coveredmethods="1"/>
      <file name="index.ts" path="C:\Users\Lucas\OneDrive\Área de Trabalho\Curso-tests-ts-Alura\src\index.ts">
        <metrics statements="3" coveredstatements="3" conditionals="0" coveredconditionals="0" methods="1" coveredmethods="1"/>
        <line num="1" count="1" type="stmt"/>
        <line num="2" count="2" type="stmt"/>
        <line num="3" count="2" type="stmt"/>
      </file>
    </package>
    <package name="src.api">
      <metrics statements="2" coveredstatements="2" conditionals="0" coveredconditionals="0" methods="0" coveredmethods="0"/>
      <file name="app.ts" path="C:\Users\Lucas\OneDrive\Área de Trabalho\Curso-tests-ts-Alura\src\api\app.ts">
        <metrics statements="2" coveredstatements="2" conditionals="0" coveredconditionals="0" methods="0" coveredmethods="0"/>
        <line num="4" count="2" type="stmt"/>
        <line num="6" count="2" type="stmt"/>
      </file>
    </package>
    <package name="src.api.controllers">
      <metrics statements="4" coveredstatements="3" conditionals="0" coveredconditionals="0" methods="2" coveredmethods="2"/>
      <file name="usuarios.controller.ts" path="C:\Users\Lucas\OneDrive\Área de Trabalho\Curso-tests-ts-Alura\src\api\controllers\usuarios.controller.ts">
        <metrics statements="4" coveredstatements="3" conditionals="0" coveredconditionals="0" methods="2" coveredmethods="2"/>
        <line num="6" count="1" type="stmt"/>
        <line num="7" count="1" type="stmt"/>
        <line num="11" count="2" type="stmt"/>
        <line num="12" count="0" type="stmt"/>
      </file>
    </package>
    <package name="src.api.models">
      <metrics statements="11" coveredstatements="10" conditionals="1" coveredconditionals="1" methods="5" coveredmethods="5"/>
      <file name="connection.ts" path="C:\Users\Lucas\OneDrive\Área de Trabalho\Curso-tests-ts-Alura\src\api\models\connection.ts">
        <metrics statements="4" coveredstatements="4" conditionals="1" coveredconditionals="1" methods="2" coveredmethods="2"/>
        <line num="4" count="2" type="stmt"/>
        <line num="10" count="2" type="stmt"/>
        <line num="19" count="5" type="stmt"/>
        <line num="20" count="3" type="stmt"/>
      </file>
      <file name="usuarios.model.ts" path="C:\Users\Lucas\OneDrive\Área de Trabalho\Curso-tests-ts-Alura\src\api\models\usuarios.model.ts">
        <metrics statements="7" coveredstatements="6" conditionals="0" coveredconditionals="0" methods="3" coveredmethods="3"/>
        <line num="6" count="1" type="stmt"/>
        <line num="7" count="1" type="stmt"/>
        <line num="11" count="2" type="stmt"/>
        <line num="12" count="2" type="stmt"/>
        <line num="16" count="0" type="stmt"/>
        <line num="20" count="2" type="stmt"/>
        <line num="24" count="2" type="stmt"/>
      </file>
    </package>
    <package name="src.api.routes">
      <metrics statements="6" coveredstatements="6" conditionals="0" coveredconditionals="0" methods="2" coveredmethods="2"/>
      <file name="UserRoutes.ts" path="C:\Users\Lucas\OneDrive\Área de Trabalho\Curso-tests-ts-Alura\src\api\routes\UserRoutes.ts">
        <metrics statements="2" coveredstatements="2" conditionals="0" coveredconditionals="0" methods="0" coveredmethods="0"/>
        <line num="6" count="2" type="stmt"/>
        <line num="8" count="2" type="stmt"/>
      </file>
      <file name="index.ts" path="C:\Users\Lucas\OneDrive\Área de Trabalho\Curso-tests-ts-Alura\src\api\routes\index.ts">
        <metrics statements="4" coveredstatements="4" conditionals="0" coveredconditionals="0" methods="2" coveredmethods="2"/>
        <line num="4" count="2" type="stmt"/>
        <line num="5" count="2" type="stmt"/>
        <line num="6" count="1" type="stmt"/>
        <line num="9" count="2" type="stmt"/>
      </file>
    </package>
    <package name="src.api.services">
      <metrics statements="6" coveredstatements="5" conditionals="0" coveredconditionals="0" methods="3" coveredmethods="3"/>
      <file name="usuarios.service.ts" path="C:\Users\Lucas\OneDrive\Área de Trabalho\Curso-tests-ts-Alura\src\api\services\usuarios.service.ts">
        <metrics statements="6" coveredstatements="5" conditionals="0" coveredconditionals="0" methods="3" coveredmethods="3"/>
        <line num="6" count="1" type="stmt"/>
        <line num="7" count="1" type="stmt"/>
        <line num="11" count="2" type="stmt"/>
        <line num="12" count="0" type="stmt"/>
        <line num="16" count="2" type="stmt"/>
        <line num="17" count="2" type="stmt"/>
      </file>
    </package>
    <package name="src.middlewares">
      <metrics statements="14" coveredstatements="13" conditionals="6" coveredconditionals="4" methods="2" coveredmethods="2"/>
      <file name="ConfirmationUser.ts" path="C:\Users\Lucas\OneDrive\Área de Trabalho\Curso-tests-ts-Alura\src\middlewares\ConfirmationUser.ts">
        <metrics statements="6" coveredstatements="6" conditionals="2" coveredconditionals="1" methods="1" coveredmethods="1"/>
        <line num="4" count="2" type="stmt"/>
        <line num="9" count="2" type="stmt"/>
        <line num="11" count="2" type="stmt"/>
        <line num="13" count="2" type="cond" truecount="1" falsecount="1"/>
        <line num="14" count="2" type="stmt"/>
        <line num="17" count="2" type="stmt"/>
      </file>
      <file name="RequiredFields.ts" path="C:\Users\Lucas\OneDrive\Área de Trabalho\Curso-tests-ts-Alura\src\middlewares\RequiredFields.ts">
        <metrics statements="8" coveredstatements="7" conditionals="4" coveredconditionals="3" methods="1" coveredmethods="1"/>
        <line num="5" count="2" type="stmt"/>
        <line num="10" count="5" type="stmt"/>
        <line num="12" count="5" type="stmt"/>
        <line num="13" count="12" type="cond" truecount="2" falsecount="0"/>
        <line num="14" count="3" type="stmt"/>
        <line num="18" count="2" type="cond" truecount="1" falsecount="1"/>
        <line num="19" count="0" type="stmt"/>
        <line num="22" count="2" type="stmt"/>
      </file>
    </package>
  </project>
</coverage>
