{"C:\\Users\\Lucas\\OneDrive\\Área de Trabalho\\Curso-tests-ts-Alura\\src\\index.ts": {"path":"C:\\Users\\Lucas\\OneDrive\\Área de Trabalho\\Curso-tests-ts-Alura\\src\\index.ts","statementMap":{"0":{"start":{"line":1,"column":31},"end":{"line":4,"column":1}},"1":{"start":{"line":2,"column":19},"end":{"line":2,"column":32}},"2":{"start":{"line":3,"column":1},"end":{"line":3,"column":44}}},"fnMap":{"0":{"name":"(anonymous_0)","decl":{"start":{"line":1,"column":31},"end":{"line":1,"column":32}},"loc":{"start":{"line":1,"column":80},"end":{"line":4,"column":1}},"line":1}},"branchMap":{},"s":{"0":1,"1":2,"2":2},"f":{"0":2},"b":{},"_coverageSchema":"1a1c01bbd47fc00a2c39e90264f33305004495a9","hash":"9b45639305d75fffd4ff83dd2db5240d3d66612a"}
,"C:\\Users\\Lucas\\OneDrive\\Área de Trabalho\\Curso-tests-ts-Alura\\src\\api\\app.ts": {"path":"C:\\Users\\Lucas\\OneDrive\\Área de Trabalho\\Curso-tests-ts-Alura\\src\\api\\app.ts","statementMap":{"0":{"start":{"line":4,"column":12},"end":{"line":4,"column":21}},"1":{"start":{"line":6,"column":0},"end":{"line":6,"column":11}}},"fnMap":{},"branchMap":{},"s":{"0":2,"1":2},"f":{},"b":{},"_coverageSchema":"1a1c01bbd47fc00a2c39e90264f33305004495a9","hash":"ebcf2c5dd5d36381499d2b2707c60c105571abbb"}
,"C:\\Users\\Lucas\\OneDrive\\Área de Trabalho\\Curso-tests-ts-Alura\\src\\api\\controllers\\usuarios.controller.ts": {"path":"C:\\Users\\Lucas\\OneDrive\\Área de Trabalho\\Curso-tests-ts-Alura\\src\\api\\controllers\\usuarios.controller.ts","statementMap":{"0":{"start":{"line":6,"column":23},"end":{"line":6,"column":58}},"1":{"start":{"line":7,"column":6},"end":{"line":7,"column":37}},"2":{"start":{"line":11,"column":22},"end":{"line":11,"column":64}},"3":{"start":{"line":12,"column":6},"end":{"line":12,"column":36}}},"fnMap":{"0":{"name":"(anonymous_0)","decl":{"start":{"line":5,"column":2},"end":{"line":5,"column":3}},"loc":{"start":{"line":5,"column":71},"end":{"line":8,"column":3}},"line":5},"1":{"name":"(anonymous_1)","decl":{"start":{"line":10,"column":2},"end":{"line":10,"column":3}},"loc":{"start":{"line":10,"column":70},"end":{"line":13,"column":3}},"line":10}},"branchMap":{},"s":{"0":1,"1":1,"2":2,"3":0},"f":{"0":1,"1":2},"b":{},"_coverageSchema":"1a1c01bbd47fc00a2c39e90264f33305004495a9","hash":"c2bb70bc6347fc9067b9b35e165a8dae72266f34"}
,"C:\\Users\\Lucas\\OneDrive\\Área de Trabalho\\Curso-tests-ts-Alura\\src\\api\\models\\connection.ts": {"path":"C:\\Users\\Lucas\\OneDrive\\Área de Trabalho\\Curso-tests-ts-Alura\\src\\api\\models\\connection.ts","statementMap":{"0":{"start":{"line":4,"column":0},"end":{"line":4,"column":16}},"1":{"start":{"line":10,"column":4},"end":{"line":15,"column":7}},"2":{"start":{"line":19,"column":19},"end":{"line":19,"column":67}},"3":{"start":{"line":20,"column":4},"end":{"line":20,"column":18}}},"fnMap":{"0":{"name":"(anonymous_0)","decl":{"start":{"line":9,"column":2},"end":{"line":9,"column":3}},"loc":{"start":{"line":9,"column":16},"end":{"line":16,"column":3}},"line":9},"1":{"name":"(anonymous_1)","decl":{"start":{"line":18,"column":2},"end":{"line":18,"column":3}},"loc":{"start":{"line":18,"column":70},"end":{"line":21,"column":3}},"line":18}},"branchMap":{"0":{"loc":{"start":{"line":18,"column":36},"end":{"line":18,"column":54}},"type":"default-arg","locations":[{"start":{"line":18,"column":52},"end":{"line":18,"column":54}}],"line":18}},"s":{"0":2,"1":2,"2":5,"3":3},"f":{"0":2,"1":5},"b":{"0":[1]},"_coverageSchema":"1a1c01bbd47fc00a2c39e90264f33305004495a9","hash":"20d6ad4925e030fda798f1c7c59346988a6ecec3"}
,"C:\\Users\\Lucas\\OneDrive\\Área de Trabalho\\Curso-tests-ts-Alura\\src\\api\\models\\usuarios.model.ts": {"path":"C:\\Users\\Lucas\\OneDrive\\Área de Trabalho\\Curso-tests-ts-Alura\\src\\api\\models\\usuarios.model.ts","statementMap":{"0":{"start":{"line":6,"column":25},"end":{"line":6,"column":75}},"1":{"start":{"line":7,"column":8},"end":{"line":7,"column":22}},"2":{"start":{"line":11,"column":42},"end":{"line":11,"column":46}},"3":{"start":{"line":12,"column":25},"end":{"line":15,"column":9}},"4":{"start":{"line":16,"column":8},"end":{"line":16,"column":22}},"5":{"start":{"line":20,"column":25},"end":{"line":23,"column":9}},"6":{"start":{"line":24,"column":8},"end":{"line":24,"column":22}}},"fnMap":{"0":{"name":"(anonymous_0)","decl":{"start":{"line":5,"column":4},"end":{"line":5,"column":5}},"loc":{"start":{"line":5,"column":48},"end":{"line":8,"column":5}},"line":5},"1":{"name":"(anonymous_1)","decl":{"start":{"line":10,"column":4},"end":{"line":10,"column":5}},"loc":{"start":{"line":10,"column":57},"end":{"line":17,"column":5}},"line":10},"2":{"name":"(anonymous_2)","decl":{"start":{"line":19,"column":4},"end":{"line":19,"column":5}},"loc":{"start":{"line":19,"column":63},"end":{"line":25,"column":5}},"line":19}},"branchMap":{},"s":{"0":1,"1":1,"2":2,"3":2,"4":0,"5":2,"6":2},"f":{"0":1,"1":2,"2":2},"b":{},"_coverageSchema":"1a1c01bbd47fc00a2c39e90264f33305004495a9","hash":"0498387d210cf43c40b8f10ae1ebd3cfa78bcc99"}
,"C:\\Users\\Lucas\\OneDrive\\Área de Trabalho\\Curso-tests-ts-Alura\\src\\api\\routes\\UserRoutes.ts": {"path":"C:\\Users\\Lucas\\OneDrive\\Área de Trabalho\\Curso-tests-ts-Alura\\src\\api\\routes\\UserRoutes.ts","statementMap":{"0":{"start":{"line":6,"column":19},"end":{"line":6,"column":35}},"1":{"start":{"line":8,"column":0},"end":{"line":10,"column":85}}},"fnMap":{},"branchMap":{},"s":{"0":2,"1":2},"f":{},"b":{},"_coverageSchema":"1a1c01bbd47fc00a2c39e90264f33305004495a9","hash":"c64e728e6ba69ee1527badde72362f2278369fc7"}
,"C:\\Users\\Lucas\\OneDrive\\Área de Trabalho\\Curso-tests-ts-Alura\\src\\api\\routes\\index.ts": {"path":"C:\\Users\\Lucas\\OneDrive\\Área de Trabalho\\Curso-tests-ts-Alura\\src\\api\\routes\\index.ts","statementMap":{"0":{"start":{"line":4,"column":22},"end":{"line":10,"column":1}},"1":{"start":{"line":5,"column":4},"end":{"line":7,"column":6}},"2":{"start":{"line":6,"column":8},"end":{"line":6,"column":32}},"3":{"start":{"line":9,"column":4},"end":{"line":9,"column":39}}},"fnMap":{"0":{"name":"(anonymous_0)","decl":{"start":{"line":4,"column":22},"end":{"line":4,"column":23}},"loc":{"start":{"line":4,"column":44},"end":{"line":10,"column":1}},"line":4},"1":{"name":"(anonymous_1)","decl":{"start":{"line":5,"column":17},"end":{"line":5,"column":18}},"loc":{"start":{"line":5,"column":31},"end":{"line":7,"column":5}},"line":5}},"branchMap":{},"s":{"0":2,"1":2,"2":1,"3":2},"f":{"0":2,"1":1},"b":{},"_coverageSchema":"1a1c01bbd47fc00a2c39e90264f33305004495a9","hash":"9e20af021c61671c4b06d0fd23f2e8f32cc56329"}
,"C:\\Users\\Lucas\\OneDrive\\Área de Trabalho\\Curso-tests-ts-Alura\\src\\api\\services\\usuarios.service.ts": {"path":"C:\\Users\\Lucas\\OneDrive\\Área de Trabalho\\Curso-tests-ts-Alura\\src\\api\\services\\usuarios.service.ts","statementMap":{"0":{"start":{"line":6,"column":21},"end":{"line":6,"column":49}},"1":{"start":{"line":7,"column":4},"end":{"line":7,"column":20}},"2":{"start":{"line":11,"column":20},"end":{"line":11,"column":51}},"3":{"start":{"line":12,"column":4},"end":{"line":12,"column":19}},"4":{"start":{"line":16,"column":20},"end":{"line":16,"column":56}},"5":{"start":{"line":17,"column":4},"end":{"line":17,"column":19}}},"fnMap":{"0":{"name":"(anonymous_0)","decl":{"start":{"line":5,"column":2},"end":{"line":5,"column":3}},"loc":{"start":{"line":5,"column":46},"end":{"line":8,"column":3}},"line":5},"1":{"name":"(anonymous_1)","decl":{"start":{"line":10,"column":2},"end":{"line":10,"column":3}},"loc":{"start":{"line":10,"column":55},"end":{"line":13,"column":3}},"line":10},"2":{"name":"(anonymous_2)","decl":{"start":{"line":15,"column":2},"end":{"line":15,"column":3}},"loc":{"start":{"line":15,"column":60},"end":{"line":18,"column":3}},"line":15}},"branchMap":{},"s":{"0":1,"1":1,"2":2,"3":0,"4":2,"5":2},"f":{"0":1,"1":2,"2":2},"b":{},"_coverageSchema":"1a1c01bbd47fc00a2c39e90264f33305004495a9","hash":"a8436f7f0dbe77e0883d27cb73841b52e16b44fb"}
,"C:\\Users\\Lucas\\OneDrive\\Área de Trabalho\\Curso-tests-ts-Alura\\src\\middlewares\\ConfirmationUser.ts": {"path":"C:\\Users\\Lucas\\OneDrive\\Área de Trabalho\\Curso-tests-ts-Alura\\src\\middlewares\\ConfirmationUser.ts","statementMap":{"0":{"start":{"line":4,"column":32},"end":{"line":18,"column":1}},"1":{"start":{"line":9,"column":22},"end":{"line":9,"column":30}},"2":{"start":{"line":11,"column":23},"end":{"line":11,"column":66}},"3":{"start":{"line":13,"column":4},"end":{"line":15,"column":5}},"4":{"start":{"line":14,"column":8},"end":{"line":14,"column":55}},"5":{"start":{"line":17,"column":4},"end":{"line":17,"column":11}}},"fnMap":{"0":{"name":"(anonymous_0)","decl":{"start":{"line":4,"column":32},"end":{"line":4,"column":33}},"loc":{"start":{"line":8,"column":5},"end":{"line":18,"column":1}},"line":8}},"branchMap":{"0":{"loc":{"start":{"line":13,"column":4},"end":{"line":15,"column":5}},"type":"if","locations":[{"start":{"line":13,"column":4},"end":{"line":15,"column":5}},{"start":{},"end":{}}],"line":13}},"s":{"0":2,"1":2,"2":2,"3":2,"4":2,"5":2},"f":{"0":2},"b":{"0":[2,0]},"_coverageSchema":"1a1c01bbd47fc00a2c39e90264f33305004495a9","hash":"371ac6697175f1126eaa5c8210e7ee1f30715b78"}
,"C:\\Users\\Lucas\\OneDrive\\Área de Trabalho\\Curso-tests-ts-Alura\\src\\middlewares\\RequiredFields.ts": {"path":"C:\\Users\\Lucas\\OneDrive\\Área de Trabalho\\Curso-tests-ts-Alura\\src\\middlewares\\RequiredFields.ts","statementMap":{"0":{"start":{"line":5,"column":30},"end":{"line":24,"column":1}},"1":{"start":{"line":10,"column":44},"end":{"line":10,"column":73}},"2":{"start":{"line":12,"column":4},"end":{"line":16,"column":5}},"3":{"start":{"line":13,"column":8},"end":{"line":15,"column":9}},"4":{"start":{"line":14,"column":12},"end":{"line":14,"column":75}},"5":{"start":{"line":18,"column":4},"end":{"line":20,"column":5}},"6":{"start":{"line":19,"column":8},"end":{"line":19,"column":80}},"7":{"start":{"line":22,"column":4},"end":{"line":22,"column":11}}},"fnMap":{"0":{"name":"(anonymous_0)","decl":{"start":{"line":5,"column":30},"end":{"line":5,"column":31}},"loc":{"start":{"line":9,"column":5},"end":{"line":24,"column":1}},"line":9}},"branchMap":{"0":{"loc":{"start":{"line":13,"column":8},"end":{"line":15,"column":9}},"type":"if","locations":[{"start":{"line":13,"column":8},"end":{"line":15,"column":9}},{"start":{},"end":{}}],"line":13},"1":{"loc":{"start":{"line":18,"column":4},"end":{"line":20,"column":5}},"type":"if","locations":[{"start":{"line":18,"column":4},"end":{"line":20,"column":5}},{"start":{},"end":{}}],"line":18}},"s":{"0":2,"1":5,"2":5,"3":12,"4":3,"5":2,"6":0,"7":2},"f":{"0":5},"b":{"0":[3,9],"1":[0,2]},"_coverageSchema":"1a1c01bbd47fc00a2c39e90264f33305004495a9","hash":"86914f30229eb0afb834558a887205cac0455991"}
}
